Using pre-set license
Built from '2020.3/staging' branch; Version is '2020.3.10f1 (297d780c91bc) revision 2719096'; Using compiler version '192528614'; Build Type 'Release'
OS: 'Windows 10 Pro; OS build 19041.1110; Version 2004; 64bit' Language: 'ru' Physical Memory: 8123 MB
BatchMode: 1, IsHumanControllingUs: 0, StartBugReporterOnCrash: 0, Is64bit: 1, IsPro: 0

 COMMAND LINE ARGUMENTS:
C:\Program Files\Unity\Hub\Editor\2020.3.5f1\Editor\Unity.exe
-adb2
-batchMode
-noUpm
-name
AssetImportWorker0
-projectPath
C:/Users/platonishe/first_Unity_Project
-logFile
Logs/AssetImportWorker0.log
-srvPort
49434
Successfully changed project path to: C:/Users/platonishe/first_Unity_Project
C:/Users/platonishe/first_Unity_Project
Using Asset Import Pipeline V2.
Refreshing native plugins compatible for Editor in 43.92 ms, found 3 plugins.
Preloading 0 native plugins for Editor in 0.00 ms.
Initialize engine version: 2020.3.10f1 (297d780c91bc)
[Subsystems] Discovering subsystems at path C:/Program Files/Unity/Hub/Editor/2020.3.5f1/Editor/Data/Resources/UnitySubsystems
[Subsystems] Discovering subsystems at path C:/Users/platonishe/first_Unity_Project/Assets
GfxDevice: creating device client; threaded=0
Direct3D:
    Version:  Direct3D 11.0 [level 11.1]
    Renderer: NVIDIA GeForce GTX 1050 Ti (ID=0x1c82)
    Vendor:   
    VRAM:     4018 MB
    Driver:   27.21.14.5671
Initialize mono
Mono path[0] = 'C:/Program Files/Unity/Hub/Editor/2020.3.5f1/Editor/Data/Managed'
Mono path[1] = 'C:/Program Files/Unity/Hub/Editor/2020.3.5f1/Editor/Data/MonoBleedingEdge/lib/mono/unityjit'
Mono config path = 'C:/Program Files/Unity/Hub/Editor/2020.3.5f1/Editor/Data/MonoBleedingEdge/etc'
Using monoOptions --debugger-agent=transport=dt_socket,embedding=1,server=y,suspend=n,address=127.0.0.1:56172
Begin MonoManager ReloadAssembly
Registering precompiled unity dll's ...
Register platform support module: C:/Program Files/Unity/Hub/Editor/2020.3.5f1/Editor/Data/PlaybackEngines/WindowsStandaloneSupport/UnityEditor.WindowsStandalone.Extensions.dll
Registered in 0.002364 seconds.
Native extension for WindowsStandalone target not found
Refreshing native plugins compatible for Editor in 41.57 ms, found 3 plugins.
Preloading 0 native plugins for Editor in 0.00 ms.
Mono: successfully reloaded assembly
- Completed reload, in  1.125 seconds
Platform modules already initialized, skipping
Registering precompiled user dll's ...
Registered in 0.004845 seconds.
Begin MonoManager ReloadAssembly
Native extension for WindowsStandalone target not found
Refreshing native plugins compatible for Editor in 40.34 ms, found 3 plugins.
Preloading 0 native plugins for Editor in 0.00 ms.
Mono: successfully reloaded assembly
- Completed reload, in  1.129 seconds
Platform modules already initialized, skipping
========================================================================
Worker process is ready to serve import requests
Launched and connected shader compiler UnityShaderCompiler.exe after 0.05 seconds
Refreshing native plugins compatible for Editor in 0.62 ms, found 3 plugins.
Preloading 0 native plugins for Editor in 0.00 ms.
Unloading 2087 Unused Serialized files (Serialized files now loaded: 0)
System memory in use before: 92.9 MB.
System memory in use after: 92.9 MB.

Unloading 33 unused Assets to reduce memory usage. Loaded Objects now: 2520.
Total: 2.282000 ms (FindLiveObjects: 0.212100 ms CreateObjectMapping: 0.049800 ms MarkObjects: 1.888000 ms  DeleteObjects: 0.131100 ms)

========================================================================
Received Import Request.
  path: Assets/Scripts/Damage.cs
  artifactKey: Guid(fd84f0294964b4d45bbff045ec9479ff) Importer(815301076,1909f56bfc062723c751e8b465ee728b)
Start importing Assets/Scripts/Damage.cs using Guid(fd84f0294964b4d45bbff045ec9479ff) Importer(815301076,1909f56bfc062723c751e8b465ee728b)  -> (artifact id: 'fe357020822a1e0acd7b94a6c324831e') in 0.039924 seconds
  Import took 0.043473 seconds .

========================================================================
Received Import Request.
  Time since last request: 30.805599 seconds.
  path: Assets/Scripts/Damage.cs
  artifactKey: Guid(fd84f0294964b4d45bbff045ec9479ff) Importer(815301076,1909f56bfc062723c751e8b465ee728b)
Start importing Assets/Scripts/Damage.cs using Guid(fd84f0294964b4d45bbff045ec9479ff) Importer(815301076,1909f56bfc062723c751e8b465ee728b)  -> (artifact id: 'fd128a52c7f01ab4ff940c201150a67c') in 0.003353 seconds
  Import took 0.007525 seconds .

========================================================================
Received Import Request.
  Time since last request: 30.254064 seconds.
  path: Assets/Scripts/Damage.cs
  artifactKey: Guid(fd84f0294964b4d45bbff045ec9479ff) Importer(815301076,1909f56bfc062723c751e8b465ee728b)
Start importing Assets/Scripts/Damage.cs using Guid(fd84f0294964b4d45bbff045ec9479ff) Importer(815301076,1909f56bfc062723c751e8b465ee728b)  -> (artifact id: '015d2cb003cc65ce2f81108e10f568f9') in 0.003290 seconds
  Import took 0.007682 seconds .

========================================================================
Received Import Request.
  Time since last request: 578.037535 seconds.
  path: Assets/resources/Animations/Enemy/Enemy.controller
  artifactKey: Guid(960eb69faf6acf84b9a29d610df1af58) Importer(815301076,1909f56bfc062723c751e8b465ee728b)
Start importing Assets/resources/Animations/Enemy/Enemy.controller using Guid(960eb69faf6acf84b9a29d610df1af58) Importer(815301076,1909f56bfc062723c751e8b465ee728b)  -> (artifact id: '31133eb67e78db0b5eb67d0d7b9f0f08') in 0.022038 seconds
  Import took 0.026445 seconds .

========================================================================
Received Prepare
Registering precompiled user dll's ...
Registered in 0.005154 seconds.
Begin MonoManager ReloadAssembly
Native extension for WindowsStandalone target not found
Refreshing native plugins compatible for Editor in 0.57 ms, found 3 plugins.
Preloading 0 native plugins for Editor in 0.00 ms.
Mono: successfully reloaded assembly
- Completed reload, in  1.035 seconds
Platform modules already initialized, skipping
Refreshing native plugins compatible for Editor in 0.48 ms, found 3 plugins.
Preloading 0 native plugins for Editor in 0.00 ms.
Unloading 2082 Unused Serialized files (Serialized files now loaded: 0)
System memory in use before: 92.9 MB.
System memory in use after: 92.9 MB.

Unloading 21 unused Assets to reduce memory usage. Loaded Objects now: 2524.
Total: 2.651800 ms (FindLiveObjects: 0.282400 ms CreateObjectMapping: 0.050500 ms MarkObjects: 2.179800 ms  DeleteObjects: 0.137600 ms)

========================================================================
Received Prepare
Registering precompiled user dll's ...
Registered in 0.005122 seconds.
Begin MonoManager ReloadAssembly
Native extension for WindowsStandalone target not found
Refreshing native plugins compatible for Editor in 0.49 ms, found 3 plugins.
Preloading 0 native plugins for Editor in 0.00 ms.
Mono: successfully reloaded assembly
- Completed reload, in  1.017 seconds
Platform modules already initialized, skipping
Refreshing native plugins compatible for Editor in 0.60 ms, found 3 plugins.
Preloading 0 native plugins for Editor in 0.00 ms.
Unloading 2082 Unused Serialized files (Serialized files now loaded: 0)
System memory in use before: 93.0 MB.
System memory in use after: 92.9 MB.

Unloading 21 unused Assets to reduce memory usage. Loaded Objects now: 2528.
Total: 2.620800 ms (FindLiveObjects: 0.226600 ms CreateObjectMapping: 0.048900 ms MarkObjects: 2.213600 ms  DeleteObjects: 0.130000 ms)

========================================================================
Received Prepare
Registering precompiled user dll's ...
Registered in 0.004741 seconds.
Begin MonoManager ReloadAssembly
Native extension for WindowsStandalone target not found
Refreshing native plugins compatible for Editor in 0.50 ms, found 3 plugins.
Preloading 0 native plugins for Editor in 0.00 ms.
Mono: successfully reloaded assembly
- Completed reload, in  1.022 seconds
Platform modules already initialized, skipping
Refreshing native plugins compatible for Editor in 0.55 ms, found 3 plugins.
Preloading 0 native plugins for Editor in 0.00 ms.
Unloading 2082 Unused Serialized files (Serialized files now loaded: 0)
System memory in use before: 93.0 MB.
System memory in use after: 93.0 MB.

Unloading 21 unused Assets to reduce memory usage. Loaded Objects now: 2532.
Total: 2.365900 ms (FindLiveObjects: 0.209900 ms CreateObjectMapping: 0.051100 ms MarkObjects: 1.985300 ms  DeleteObjects: 0.118100 ms)

========================================================================
Received Prepare
Registering precompiled user dll's ...
Registered in 0.004726 seconds.
Begin MonoManager ReloadAssembly
Native extension for WindowsStandalone target not found
Refreshing native plugins compatible for Editor in 0.48 ms, found 3 plugins.
Preloading 0 native plugins for Editor in 0.00 ms.
Mono: successfully reloaded assembly
- Completed reload, in  1.011 seconds
Platform modules already initialized, skipping
Refreshing native plugins compatible for Editor in 0.63 ms, found 3 plugins.
Preloading 0 native plugins for Editor in 0.00 ms.
Unloading 2082 Unused Serialized files (Serialized files now loaded: 0)
System memory in use before: 93.0 MB.
System memory in use after: 93.0 MB.

Unloading 21 unused Assets to reduce memory usage. Loaded Objects now: 2536.
Total: 2.658600 ms (FindLiveObjects: 0.259500 ms CreateObjectMapping: 0.062600 ms MarkObjects: 2.205500 ms  DeleteObjects: 0.129900 ms)

AssetImportWorkerClient::OnTransportError - code=2 error=End of file
